This file contains any messages produced by compilers while
running configure, to aid debugging if configure makes a mistake.

It was created by configure, which was
generated by GNU Autoconf 2.69.  Invocation command line was

  $ ../configure --with-thread=pthread --with-gc=nonmoving --host=mipsisa32r2el-axis-linux-gnu

## --------- ##
## Platform. ##
## --------- ##

hostname = varg-10
uname -m = x86_64
uname -r = 3.13.0-68-generic
uname -s = Linux
uname -v = #111-Ubuntu SMP Fri Nov 6 18:17:06 UTC 2015

/usr/bin/uname -p = unknown
/bin/uname -X     = unknown

/bin/arch              = unknown
/usr/bin/arch -k       = unknown
/usr/convex/getsysinfo = unknown
/usr/bin/hostinfo      = unknown
/bin/machine           = unknown
/usr/bin/oslevel       = unknown
/bin/universe          = unknown

PATH: /usr/local/cs/rtp/tools/comptools-mips-r12_1.2-0/comptools-mips-r12_1.2-0_amd64/mipsisa32r2el/r12/bin
PATH: /h/d3/a/dat12fda/bin.amd64
PATH: /h/d3/a/dat12fda/bin.Linux
PATH: /h/d3/a/dat12fda/bin
PATH: /usr/local/jdk/bin
PATH: /usr/local/bin
PATH: /usr/local/bin/X11
PATH: /usr/bin
PATH: /usr/bin/mh
PATH: /bin


## ----------- ##
## Core tests. ##
## ----------- ##

configure:2119: checking build system type
configure:2133: result: x86_64-unknown-linux-gnu
configure:2153: checking host system type
configure:2166: result: mipsisa32r2el-axis-linux-gnu
configure:2186: checking target system type
configure:2199: result: mipsisa32r2el-axis-linux-gnu
configure:2244: checking for a BSD-compatible install
configure:2312: result: /usr/bin/install -c
configure:2323: checking whether build environment is sane
configure:2378: result: yes
configure:2437: checking for mipsisa32r2el-axis-linux-gnu-strip
configure:2453: found /usr/local/cs/rtp/tools/comptools-mips-r12_1.2-0/comptools-mips-r12_1.2-0_amd64/mipsisa32r2el/r12/bin/mipsisa32r2el-axis-linux-gnu-strip
configure:2464: result: mipsisa32r2el-axis-linux-gnu-strip
configure:2529: checking for a thread-safe mkdir -p
configure:2568: result: /bin/mkdir -p
configure:2575: checking for gawk
configure:2591: found /usr/bin/gawk
configure:2602: result: gawk
configure:2613: checking whether make sets $(MAKE)
configure:2635: result: yes
configure:2664: checking whether make supports nested variables
configure:2681: result: yes
configure:2828: checking for style of include used by make
configure:2856: result: GNU
configure:2884: checking for mipsisa32r2el-axis-linux-gnu-gcj
configure:2914: result: no
configure:2928: checking for gcj
configure:2958: result: no
configure:2987: checking dependency style of gcj
configure:3096: result: none
configure:3133: result: Host is
host: mipsisa32r2el-axis-linux-gnu
host_cpu: mipsisa32r2el
host_vendor: axis
host_os: linux-gnu
configure:4458: checking for mipsisa32r2el-axis-linux-gnu-gcc
configure:4474: found /usr/local/cs/rtp/tools/comptools-mips-r12_1.2-0/comptools-mips-r12_1.2-0_amd64/mipsisa32r2el/r12/bin/mipsisa32r2el-axis-linux-gnu-gcc
configure:4485: result: mipsisa32r2el-axis-linux-gnu-gcc
configure:4754: checking for C compiler version
configure:4763: mipsisa32r2el-axis-linux-gnu-gcc --version >&5
mipsisa32r2el-axis-linux-gnu-gcc (GCC 4.3.1 Axis release R12/1.2) 4.3.1 20080521 (prerelease) [gcc-4_3-branch revision 135713]
Copyright (C) 2008 Free Software Foundation, Inc.
This is free software; see the source for copying conditions.  There is NO
warranty; not even for MERCHANTABILITY or FITNESS FOR A PARTICULAR PURPOSE.

configure:4774: $? = 0
configure:4763: mipsisa32r2el-axis-linux-gnu-gcc -v >&5
Using built-in specs.
Target: mipsisa32r2el-axis-linux-gnu
Configured with: /home/johankri/comptools-mips-1.1/./gnu-toplev/configure --enable-version-specific-runtime-libs --disable-nls --target=mipsisa32r2el-axis-linux-gnu --with-cpu=artpec4 --without-newlib --disable-libstdcxx-pch --enable-tls --enable-languages=c,c++ --enable-shared --enable-threads=posix --prefix=/usr/local/mipsisa32r2el/r12 --with-bugurl=http://developer.axis.com/software/tools/gcc-cris-bugreport.html --with-pkgversion='GCC 4.3.1 Axis release R12/1.2'
Thread model: posix
gcc version 4.3.1 20080521 (prerelease) [gcc-4_3-branch revision 135713] (GCC 4.3.1 Axis release R12/1.2) 
configure:4774: $? = 0
configure:4763: mipsisa32r2el-axis-linux-gnu-gcc -V >&5
mipsisa32r2el-axis-linux-gnu-gcc: '-V' option must have argument
configure:4774: $? = 1
configure:4763: mipsisa32r2el-axis-linux-gnu-gcc -qversion >&5
mipsisa32r2el-axis-linux-gnu-gcc: unrecognized option '-qversion'
mipsisa32r2el-axis-linux-gnu-gcc: no input files
configure:4774: $? = 1
configure:4794: checking whether the C compiler works
configure:4816: mipsisa32r2el-axis-linux-gnu-gcc   -I/usr/local/cs/rtp/tools/emb-app-sdk_1_4/target/mipsisa32r2el-axis-linux-gnu/usr/include   -ldbus-1 -lgobject-2.0 -ldbus-glib-1 -lgthread-2.0 -lglib-2.0 -lrapp -lcapture -L/usr/local/cs/rtp/tools/emb-app-sdk_1_4/target/mipsisa32r2el-axis-linux-gnu/usr/lib  conftest.c  >&5
configure:4820: $? = 0
configure:4868: result: yes
configure:4871: checking for C compiler default output file name
configure:4873: result: a.out
configure:4879: checking for suffix of executables
configure:4886: mipsisa32r2el-axis-linux-gnu-gcc -o conftest   -I/usr/local/cs/rtp/tools/emb-app-sdk_1_4/target/mipsisa32r2el-axis-linux-gnu/usr/include   -ldbus-1 -lgobject-2.0 -ldbus-glib-1 -lgthread-2.0 -lglib-2.0 -lrapp -lcapture -L/usr/local/cs/rtp/tools/emb-app-sdk_1_4/target/mipsisa32r2el-axis-linux-gnu/usr/lib  conftest.c  >&5
configure:4890: $? = 0
configure:4912: result: 
configure:4934: checking whether we are cross compiling
configure:4942: mipsisa32r2el-axis-linux-gnu-gcc -o conftest   -I/usr/local/cs/rtp/tools/emb-app-sdk_1_4/target/mipsisa32r2el-axis-linux-gnu/usr/include   -ldbus-1 -lgobject-2.0 -ldbus-glib-1 -lgthread-2.0 -lglib-2.0 -lrapp -lcapture -L/usr/local/cs/rtp/tools/emb-app-sdk_1_4/target/mipsisa32r2el-axis-linux-gnu/usr/lib  conftest.c  >&5
configure:4946: $? = 0
configure:4953: ./conftest
../configure: line 4955: ./conftest: cannot execute binary file: Exec format error
configure:4957: $? = 126
configure:4972: result: yes
configure:4977: checking for suffix of object files
configure:4999: mipsisa32r2el-axis-linux-gnu-gcc -c   -I/usr/local/cs/rtp/tools/emb-app-sdk_1_4/target/mipsisa32r2el-axis-linux-gnu/usr/include  conftest.c >&5
configure:5003: $? = 0
configure:5024: result: o
configure:5028: checking whether we are using the GNU C compiler
configure:5047: mipsisa32r2el-axis-linux-gnu-gcc -c   -I/usr/local/cs/rtp/tools/emb-app-sdk_1_4/target/mipsisa32r2el-axis-linux-gnu/usr/include  conftest.c >&5
configure:5047: $? = 0
configure:5056: result: yes
configure:5065: checking whether mipsisa32r2el-axis-linux-gnu-gcc accepts -g
configure:5085: mipsisa32r2el-axis-linux-gnu-gcc -c -g  -I/usr/local/cs/rtp/tools/emb-app-sdk_1_4/target/mipsisa32r2el-axis-linux-gnu/usr/include  conftest.c >&5
configure:5085: $? = 0
configure:5126: result: yes
configure:5143: checking for mipsisa32r2el-axis-linux-gnu-gcc option to accept ISO C89
configure:5206: mipsisa32r2el-axis-linux-gnu-gcc  -c -g -O2  -I/usr/local/cs/rtp/tools/emb-app-sdk_1_4/target/mipsisa32r2el-axis-linux-gnu/usr/include  conftest.c >&5
configure:5206: $? = 0
configure:5219: result: none needed
configure:5244: checking whether mipsisa32r2el-axis-linux-gnu-gcc understands -c and -o together
configure:5266: mipsisa32r2el-axis-linux-gnu-gcc -c conftest.c -o conftest2.o
configure:5269: $? = 0
configure:5266: mipsisa32r2el-axis-linux-gnu-gcc -c conftest.c -o conftest2.o
configure:5269: $? = 0
configure:5281: result: yes
configure:5300: checking dependency style of mipsisa32r2el-axis-linux-gnu-gcc
configure:5411: result: gcc3
configure:5431: checking how to run the C preprocessor
configure:5462: mipsisa32r2el-axis-linux-gnu-gcc -E  -I/usr/local/cs/rtp/tools/emb-app-sdk_1_4/target/mipsisa32r2el-axis-linux-gnu/usr/include  conftest.c
configure:5462: $? = 0
configure:5476: mipsisa32r2el-axis-linux-gnu-gcc -E  -I/usr/local/cs/rtp/tools/emb-app-sdk_1_4/target/mipsisa32r2el-axis-linux-gnu/usr/include  conftest.c
conftest.c:32:28: error: ac_nonexistent.h: No such file or directory
configure:5476: $? = 1
configure: failed program was:
| /* confdefs.h */
| #define PACKAGE_NAME ""
| #define PACKAGE_TARNAME ""
| #define PACKAGE_VERSION ""
| #define PACKAGE_STRING ""
| #define PACKAGE_BUGREPORT ""
| #define PACKAGE_URL ""
| #define PACKAGE "Server"
| #define VERSION "autotools-0.0.1"
| #define JAVA_2_C 1
| #define BITS64 0
| #define HAS_FLOAT 0
| #define LINUX 1
| #define GC_NODEBUG 1
| #define GC_HEAPSIZE (1000000)
| #define GC_THREAD 1
| #define HAS_EXCEPTIONS 2
| #define GC_ALGORITHM 4
| #define GC_HAS_THREADS 1
| #define GC_NODEBUG 1
| #define GC_IS_INCREMENTAL 1
| #define GC_HAS_FINALIZERS 1
| #define GC_LAZY_GET_THREAD_ROOT 1
| #define GC__REF_CALL_PARAMS 1
| #define ALLOC_COALESCE 1
| #define INIT_ON_FREE 1
| #define _RT_NORMAL_PR_JAVA (5)
| #define _RT_SCHEDULING_POSIX (2)
| #define _AVR_EXT_MEM 1
| #define HAS_REFLECTION 1
| /* end confdefs.h.  */
| #include <ac_nonexistent.h>
configure:5501: result: mipsisa32r2el-axis-linux-gnu-gcc -E
configure:5521: mipsisa32r2el-axis-linux-gnu-gcc -E  -I/usr/local/cs/rtp/tools/emb-app-sdk_1_4/target/mipsisa32r2el-axis-linux-gnu/usr/include  conftest.c
configure:5521: $? = 0
configure:5535: mipsisa32r2el-axis-linux-gnu-gcc -E  -I/usr/local/cs/rtp/tools/emb-app-sdk_1_4/target/mipsisa32r2el-axis-linux-gnu/usr/include  conftest.c
conftest.c:32:28: error: ac_nonexistent.h: No such file or directory
configure:5535: $? = 1
configure: failed program was:
| /* confdefs.h */
| #define PACKAGE_NAME ""
| #define PACKAGE_TARNAME ""
| #define PACKAGE_VERSION ""
| #define PACKAGE_STRING ""
| #define PACKAGE_BUGREPORT ""
| #define PACKAGE_URL ""
| #define PACKAGE "Server"
| #define VERSION "autotools-0.0.1"
| #define JAVA_2_C 1
| #define BITS64 0
| #define HAS_FLOAT 0
| #define LINUX 1
| #define GC_NODEBUG 1
| #define GC_HEAPSIZE (1000000)
| #define GC_THREAD 1
| #define HAS_EXCEPTIONS 2
| #define GC_ALGORITHM 4
| #define GC_HAS_THREADS 1
| #define GC_NODEBUG 1
| #define GC_IS_INCREMENTAL 1
| #define GC_HAS_FINALIZERS 1
| #define GC_LAZY_GET_THREAD_ROOT 1
| #define GC__REF_CALL_PARAMS 1
| #define ALLOC_COALESCE 1
| #define INIT_ON_FREE 1
| #define _RT_NORMAL_PR_JAVA (5)
| #define _RT_SCHEDULING_POSIX (2)
| #define _AVR_EXT_MEM 1
| #define HAS_REFLECTION 1
| /* end confdefs.h.  */
| #include <ac_nonexistent.h>
configure:5570: checking for mipsisa32r2el-axis-linux-gnu-ranlib
configure:5586: found /usr/local/cs/rtp/tools/comptools-mips-r12_1.2-0/comptools-mips-r12_1.2-0_amd64/mipsisa32r2el/r12/bin/mipsisa32r2el-axis-linux-gnu-ranlib
configure:5597: result: mipsisa32r2el-axis-linux-gnu-ranlib
configure:5662: checking for mipsisa32r2el-axis-linux-gnu-ar
configure:5678: found /usr/local/cs/rtp/tools/comptools-mips-r12_1.2-0/comptools-mips-r12_1.2-0_amd64/mipsisa32r2el/r12/bin/mipsisa32r2el-axis-linux-gnu-ar
configure:5689: result: mipsisa32r2el-axis-linux-gnu-ar
configure:5759: checking for grep that handles long lines and -e
configure:5817: result: /bin/grep
configure:5822: checking for egrep
configure:5884: result: /bin/grep -E
configure:5889: checking for ANSI C header files
configure:5909: mipsisa32r2el-axis-linux-gnu-gcc -c -g -O2  -I/usr/local/cs/rtp/tools/emb-app-sdk_1_4/target/mipsisa32r2el-axis-linux-gnu/usr/include  conftest.c >&5
configure:5909: $? = 0
configure:5993: result: yes
configure:6002: checking for an ANSI C-conforming const
configure:6068: mipsisa32r2el-axis-linux-gnu-gcc -c -g -O2  -I/usr/local/cs/rtp/tools/emb-app-sdk_1_4/target/mipsisa32r2el-axis-linux-gnu/usr/include  conftest.c >&5
configure:6068: $? = 0
configure:6075: result: yes
configure:6204: checking that generated files are newer than configure
configure:6210: result: done
configure:6293: creating ./config.status

## ---------------------- ##
## Running config.status. ##
## ---------------------- ##

This file was extended by config.status, which was
generated by GNU Autoconf 2.69.  Invocation command line was

  CONFIG_FILES    = 
  CONFIG_HEADERS  = 
  CONFIG_LINKS    = 
  CONFIG_COMMANDS = 
  $ ./config.status 

on varg-10

config.status:928: creating Makefile
config.status:928: creating config.h
config.status:1142: executing depfiles commands

## ---------------- ##
## Cache variables. ##
## ---------------- ##

ac_cv_build=x86_64-unknown-linux-gnu
ac_cv_c_compiler_gnu=yes
ac_cv_c_const=yes
ac_cv_env_CC_set=
ac_cv_env_CC_value=
ac_cv_env_CFLAGS_set=
ac_cv_env_CFLAGS_value=
ac_cv_env_CPPFLAGS_set=set
ac_cv_env_CPPFLAGS_value=' -I/usr/local/cs/rtp/tools/emb-app-sdk_1_4/target/mipsisa32r2el-axis-linux-gnu/usr/include '
ac_cv_env_CPP_set=
ac_cv_env_CPP_value=
ac_cv_env_LDFLAGS_set=set
ac_cv_env_LDFLAGS_value=' -ldbus-1 -lgobject-2.0 -ldbus-glib-1 -lgthread-2.0 -lglib-2.0 -lrapp -lcapture -L/usr/local/cs/rtp/tools/emb-app-sdk_1_4/target/mipsisa32r2el-axis-linux-gnu/usr/lib '
ac_cv_env_LIBS_set=
ac_cv_env_LIBS_value=
ac_cv_env_build_alias_set=
ac_cv_env_build_alias_value=
ac_cv_env_host_alias_set=set
ac_cv_env_host_alias_value=mipsisa32r2el-axis-linux-gnu
ac_cv_env_target_alias_set=
ac_cv_env_target_alias_value=
ac_cv_header_stdc=yes
ac_cv_host=mipsisa32r2el-axis-linux-gnu
ac_cv_objext=o
ac_cv_path_EGREP='/bin/grep -E'
ac_cv_path_GREP=/bin/grep
ac_cv_path_install='/usr/bin/install -c'
ac_cv_path_mkdir=/bin/mkdir
ac_cv_prog_AR=mipsisa32r2el-axis-linux-gnu-ar
ac_cv_prog_AWK=gawk
ac_cv_prog_CC=mipsisa32r2el-axis-linux-gnu-gcc
ac_cv_prog_CPP='mipsisa32r2el-axis-linux-gnu-gcc -E'
ac_cv_prog_RANLIB=mipsisa32r2el-axis-linux-gnu-ranlib
ac_cv_prog_STRIP=mipsisa32r2el-axis-linux-gnu-strip
ac_cv_prog_cc_c89=
ac_cv_prog_cc_g=yes
ac_cv_prog_make_make_set=yes
ac_cv_target=mipsisa32r2el-axis-linux-gnu
am_cv_CC_dependencies_compiler_type=gcc3
am_cv_GCJ_dependencies_compiler_type=none
am_cv_make_support_nested_variables=yes
am_cv_prog_cc_c_o=yes

## ----------------- ##
## Output variables. ##
## ----------------- ##

ACLOCAL='${SHELL} /h/d3/a/dat12fda/Desktop/RealCamera2/build_bin/missing aclocal-1.14'
AMDEPBACKSLASH='\'
AMDEP_FALSE='#'
AMDEP_TRUE=''
AMTAR='$${TAR-tar}'
AM_BACKSLASH='\'
AM_DEFAULT_V='$(AM_DEFAULT_VERBOSITY)'
AM_DEFAULT_VERBOSITY='1'
AM_V='$(V)'
AR='mipsisa32r2el-axis-linux-gnu-ar'
AUTOCONF='${SHELL} /h/d3/a/dat12fda/Desktop/RealCamera2/build_bin/missing autoconf'
AUTOHEADER='${SHELL} /h/d3/a/dat12fda/Desktop/RealCamera2/build_bin/missing autoheader'
AUTOMAKE='${SHELL} /h/d3/a/dat12fda/Desktop/RealCamera2/build_bin/missing automake-1.14'
AWK='gawk'
CC='mipsisa32r2el-axis-linux-gnu-gcc'
CCAS=''
CCASFLAGS=''
CCDEPMODE='depmode=gcc3'
CCLD='mipsisa32r2el-axis-linux-gnu-gcc'
CFLAGS=' -O3 -g'
CPP='mipsisa32r2el-axis-linux-gnu-gcc -E'
CPPFLAGS=' -I/usr/local/cs/rtp/tools/emb-app-sdk_1_4/target/mipsisa32r2el-axis-linux-gnu/usr/include     -I$(J2C_HOME)/gc -I$(J2C_HOME)/javalib/include -I$(J2C_HOME)/javalib/native/pthread -w  -DJAVAMAIN=Server_main_java_lang_StringA '
CYGPATH_W='echo'
DEBUG_FALSE=''
DEBUG_TRUE='#'
DEFS='-DHAVE_CONFIG_H'
DEPDIR='.deps'
ECHO_C=''
ECHO_N='-n'
ECHO_T=''
EGREP='/bin/grep -E'
ENABLE_CPU_UTILIZATION_LOGGING_FALSE=''
ENABLE_CPU_UTILIZATION_LOGGING_TRUE='#'
ENABLE_JAVA_LANG_MATH_FALSE='#'
ENABLE_JAVA_LANG_MATH_TRUE=''
ENABLE_SE_LTH_CS_REALTIME_FALSE='#'
ENABLE_SE_LTH_CS_REALTIME_TRUE=''
ENABLE_SE_LTH_CS_ROBOT_FALSE='#'
ENABLE_SE_LTH_CS_ROBOT_TRUE=''
ENABLE_UTIL_LINUX_FALSE='#'
ENABLE_UTIL_LINUX_TRUE=''
EXEEXT=''
GCCLIBDIR=''
GCJ='gcj'
GCJDEPMODE='depmode=none'
GCJFLAGS='-g -O2'
GC_BATCH_COPY_FALSE=''
GC_BATCH_COPY_TRUE='#'
GC_INCREMENTAL_COPY_FALSE=''
GC_INCREMENTAL_COPY_TRUE='#'
GC_INCREMENTAL_MS_FALSE=''
GC_INCREMENTAL_MS_TRUE='#'
GC_NONMOVING_FALSE='#'
GC_NONMOVING_TRUE=''
GREP='/bin/grep'
HOST_ARCH=''
HOST_AVR_FALSE=''
HOST_AVR_TRUE='#'
HOST_CYGWIN_FALSE=''
HOST_CYGWIN_TRUE='#'
HOST_RTAI_KERNEL_FALSE=''
HOST_RTAI_KERNEL_TRUE='#'
HOST_STORK_FALSE=''
HOST_STORK_TRUE='#'
INSTALL_DATA='${INSTALL} -m 644'
INSTALL_PROGRAM='${INSTALL}'
INSTALL_SCRIPT='${INSTALL}'
INSTALL_STRIP_PROGRAM='$(install_sh) -c -s'
J2C_HOME='/usr/local/cs/rtp/tools/ljrt-rev311'
J2C_JAVA2CFLAGS=' --noredundantpush --deadcode-elim --with-reflection'
LDFLAGS=' -ldbus-1 -lgobject-2.0 -ldbus-glib-1 -lgthread-2.0 -lglib-2.0 -lrapp -lcapture -L/usr/local/cs/rtp/tools/emb-app-sdk_1_4/target/mipsisa32r2el-axis-linux-gnu/usr/lib  '
LIBOBJS=''
LIBS='  -lpthread -lm'
LINUX_PATH='/usr/src/linux'
LTLIBOBJS=''
MAKEINFO='${SHELL} /h/d3/a/dat12fda/Desktop/RealCamera2/build_bin/missing makeinfo'
MKDIR_P='/bin/mkdir -p'
OBJEXT='o'
PACKAGE='Server'
PACKAGE_BUGREPORT=''
PACKAGE_NAME=''
PACKAGE_STRING=''
PACKAGE_TARNAME=''
PACKAGE_URL=''
PACKAGE_VERSION=''
PATH_SEPARATOR=':'
RANLIB='mipsisa32r2el-axis-linux-gnu-ranlib'
RTAI_PATH='/usr/src/rtai'
SET_MAKE=''
SHELL='/bin/bash'
STORKDIR=''
STORKLINK=''
STRIP='mipsisa32r2el-axis-linux-gnu-strip'
THREAD='pthread'
TOBBEDIR=''
VERSION='autotools-0.0.1'
XENO_LIB_PATH='/usr/src/xenomai'
ac_ct_CC=''
ac_ct_GCJ=''
am__EXEEXT_FALSE=''
am__EXEEXT_TRUE='#'
am__fastdepCC_FALSE='#'
am__fastdepCC_TRUE=''
am__fastdepGCJ_FALSE=''
am__fastdepGCJ_TRUE='#'
am__include='include'
am__isrc=' -I$(srcdir)'
am__leading_dot='.'
am__nodep='_no'
am__quote=''
am__tar='$${TAR-tar} chof - "$$tardir"'
am__untar='$${TAR-tar} xf -'
bindir='${exec_prefix}/bin'
build='x86_64-unknown-linux-gnu'
build_alias=''
build_cpu='x86_64'
build_os='linux-gnu'
build_vendor='unknown'
datadir='${datarootdir}'
datarootdir='${prefix}/share'
docdir='${datarootdir}/doc/${PACKAGE}'
dvidir='${docdir}'
exec_prefix='${prefix}'
host='mipsisa32r2el-axis-linux-gnu'
host_alias='mipsisa32r2el-axis-linux-gnu'
host_cpu='mipsisa32r2el'
host_os='linux-gnu'
host_vendor='axis'
htmldir='${docdir}'
includedir='${prefix}/include'
infodir='${datarootdir}/info'
install_sh='${SHELL} /h/d3/a/dat12fda/Desktop/RealCamera2/build_bin/install-sh'
libdir='${exec_prefix}/lib'
libexecdir='${exec_prefix}/libexec'
localedir='${datarootdir}/locale'
localstatedir='${prefix}/var'
mandir='${datarootdir}/man'
mkdir_p='$(MKDIR_P)'
oldincludedir='/usr/include'
pdfdir='${docdir}'
prefix='/usr/local'
program_transform_name='s,x,x,'
psdir='${docdir}'
sbindir='${exec_prefix}/sbin'
sharedstatedir='${prefix}/com'
sysconfdir='${prefix}/etc'
target='mipsisa32r2el-axis-linux-gnu'
target_alias=''
target_cpu='mipsisa32r2el'
target_os='linux-gnu'
target_vendor='axis'

## ----------- ##
## confdefs.h. ##
## ----------- ##

/* confdefs.h */
#define PACKAGE_NAME ""
#define PACKAGE_TARNAME ""
#define PACKAGE_VERSION ""
#define PACKAGE_STRING ""
#define PACKAGE_BUGREPORT ""
#define PACKAGE_URL ""
#define PACKAGE "Server"
#define VERSION "autotools-0.0.1"
#define JAVA_2_C 1
#define BITS64 0
#define HAS_FLOAT 0
#define LINUX 1
#define GC_NODEBUG 1
#define GC_HEAPSIZE (1000000)
#define GC_THREAD 1
#define HAS_EXCEPTIONS 2
#define GC_ALGORITHM 4
#define GC_HAS_THREADS 1
#define GC_NODEBUG 1
#define GC_IS_INCREMENTAL 1
#define GC_HAS_FINALIZERS 1
#define GC_LAZY_GET_THREAD_ROOT 1
#define GC__REF_CALL_PARAMS 1
#define ALLOC_COALESCE 1
#define INIT_ON_FREE 1
#define _RT_NORMAL_PR_JAVA (5)
#define _RT_SCHEDULING_POSIX (2)
#define _AVR_EXT_MEM 1
#define HAS_REFLECTION 1
#define STDC_HEADERS 1

configure: exit 0
